[2024-08-07T04:50:13.418] [ERROR] error - <ref *2> IncomingMessage {
  _events: {
    close: [Function: onclose],
    error: [Function: onerror],
    data: undefined,
    end: [ [Function: responseOnEnd], [Function: onend] ],
    readable: undefined,
    finish: [Function: onfinish]
  },
  _readableState: ReadableState {
    highWaterMark: 16384,
    buffer: [],
    bufferIndex: 0,
    length: 0,
    pipes: [],
    awaitDrainWriters: null,
    [Symbol(kState)]: 1315084
  },
  _maxListeners: undefined,
  socket: <ref *1> TLSSocket {
    _tlsOptions: {
      allowHalfOpen: undefined,
      pipe: false,
      secureContext: [SecureContext],
      isServer: false,
      requestCert: true,
      rejectUnauthorized: true,
      session: <Buffer 30 82 07 e3 02 01 01 02 02 03 03 04 02 c0 2f 04 20 6a 1e 6f e7 c5 93 4b b5 e3 9d 1d 2b 53 07 11 c4 a9 7d d3 f4 93 ce ca ac c8 1e 5f 52 0d e2 f1 98 04 ... 1973 more bytes>,
      ALPNProtocols: undefined,
      requestOCSP: undefined,
      enableTrace: undefined,
      pskCallback: undefined,
      highWaterMark: undefined,
      onread: undefined,
      signal: undefined
    },
    _secureEstablished: true,
    _securePending: false,
    _newSessionPending: false,
    _controlReleased: true,
    secureConnecting: false,
    _SNICallback: null,
    servername: 'open.bigmodel.cn',
    alpnProtocol: false,
    authorized: true,
    authorizationError: null,
    encrypted: true,
    _events: [Object: null prototype] {
      close: [Array],
      end: [Array],
      error: [Function: socketErrorListener],
      newListener: [Function: keylogNewListener],
      connect: undefined,
      secure: [Function: onConnectSecure],
      session: [Function (anonymous)],
      free: [Function: onFree],
      timeout: [Array],
      agentRemove: [Function: onRemove],
      data: [Function: socketOnData],
      drain: [Function: ondrain]
    },
    _eventsCount: 11,
    connecting: false,
    _hadError: false,
    _parent: null,
    _host: 'open.bigmodel.cn',
    _closeAfterHandlingError: false,
    _readableState: ReadableState {
      highWaterMark: 16384,
      buffer: [],
      bufferIndex: 0,
      length: 0,
      pipes: [],
      awaitDrainWriters: null,
      [Symbol(kState)]: 194521348
    },
    _writableState: WritableState {
      highWaterMark: 16384,
      length: 0,
      corked: 0,
      onwrite: [Function: bound onwrite],
      writelen: 0,
      bufferedIndex: 0,
      pendingcb: 0,
      [Symbol(kState)]: 17563908,
      [Symbol(kBufferedValue)]: null,
      [Symbol(kWriteCbValue)]: [Function (anonymous)]
    },
    allowHalfOpen: false,
    _maxListeners: undefined,
    _sockname: null,
    _pendingData: null,
    _pendingEncoding: '',
    server: undefined,
    _server: null,
    ssl: TLSWrap {
      _parent: [TCP],
      _parentWrap: null,
      _secureContext: [SecureContext],
      reading: true,
      onkeylog: [Function: onkeylog],
      onhandshakestart: {},
      onhandshakedone: [Function (anonymous)],
      onocspresponse: [Function: onocspresponse],
      onnewsession: [Function: onnewsessionclient],
      onerror: [Function: onerror],
      [Symbol(owner_symbol)]: [Circular *1]
    },
    _requestCert: true,
    _rejectUnauthorized: true,
    timeout: 5000,
    parser: HTTPParser {
      '0': null,
      '1': [Function: parserOnHeaders],
      '2': [Function: parserOnHeadersComplete],
      '3': [Function: parserOnBody],
      '4': [Function: parserOnMessageComplete],
      '5': null,
      '6': null,
      _headers: [],
      _url: '',
      socket: [Circular *1],
      incoming: [Circular *2],
      outgoing: [ClientRequest],
      maxHeaderPairs: 2000,
      _consumed: false,
      onIncoming: [Function: parserOnIncomingClient],
      joinDuplicateHeaders: undefined,
      [Symbol(resource_symbol)]: [HTTPClientAsyncResource]
    },
    _httpMessage: ClientRequest {
      _events: [Object: null prototype],
      _eventsCount: 7,
      _maxListeners: undefined,
      outputData: [],
      outputSize: 0,
      writable: true,
      destroyed: false,
      _last: false,
      chunkedEncoding: false,
      shouldKeepAlive: true,
      maxRequestsOnConnectionReached: false,
      _defaultKeepAlive: true,
      useChunkedEncodingByDefault: true,
      sendDate: false,
      _removedConnection: false,
      _removedContLen: false,
      _removedTE: false,
      strictContentLength: false,
      _contentLength: '234',
      _hasBody: true,
      _trailer: '',
      finished: true,
      _headerSent: true,
      _closed: false,
      socket: [Circular *1],
      _header: 'POST /api/paas/v4/chat/completions HTTP/1.1\r\n' +
        'Accept: application/json, text/plain, */*\r\n' +
        'Content-Type: application/json\r\n' +
        'Authorization: eyJhbGciOiJIUzI1NiIsInR5cCI6IkpXVCIsInNpZ25fdHlwZSI6IlNJR04ifQ.eyJhcGlfa2V5IjoiZDg2YWQ1YmI4NDM2NWZiODE2MTFkMzlhYzUxZTM2ZGUiLCJleHAiOjE3MjI5Nzc0MTMxOTUwMDAsInRpbWVzdGFtcCI6MTcyMjk3NzQxMzAxNTAwMCwiaWF0IjoxNzIyOTc3NDEzfQ.yjqETI3_tyGf8LfCtUTx7gTVm1KFdZnBukQo_5knHTg\r\n' +
        'User-Agent: axios/1.7.3\r\n' +
        'Content-Length: 234\r\n' +
        'Accept-Encoding: gzip, compress, deflate, br\r\n' +
        'Host: open.bigmodel.cn\r\n' +
        'Connection: keep-alive\r\n' +
        '\r\n',
      _keepAliveTimeout: 0,
      _onPendingData: [Function: nop],
      agent: [Agent],
      socketPath: undefined,
      method: 'POST',
      maxHeaderSize: undefined,
      insecureHTTPParser: undefined,
      joinDuplicateHeaders: undefined,
      path: '/api/paas/v4/chat/completions',
      _ended: false,
      res: [Circular *2],
      aborted: false,
      timeoutCb: [Function: emitRequestTimeout],
      upgradeOrConnect: false,
      parser: [HTTPParser],
      maxHeadersCount: null,
      reusedSocket: false,
      host: 'open.bigmodel.cn',
      protocol: 'https:',
      _redirectable: [Writable],
      [Symbol(shapeMode)]: false,
      [Symbol(kCapture)]: false,
      [Symbol(kBytesWritten)]: 0,
      [Symbol(kNeedDrain)]: false,
      [Symbol(corked)]: 0,
      [Symbol(kOutHeaders)]: [Object: null prototype],
      [Symbol(errored)]: null,
      [Symbol(kHighWaterMark)]: 16384,
      [Symbol(kRejectNonStandardBodyWrites)]: false,
      [Symbol(kUniqueHeaders)]: null
    },
    [Symbol(alpncallback)]: null,
    [Symbol(res)]: TLSWrap {
      _parent: [TCP],
      _parentWrap: null,
      _secureContext: [SecureContext],
      reading: true,
      onkeylog: [Function: onkeylog],
      onhandshakestart: {},
      onhandshakedone: [Function (anonymous)],
      onocspresponse: [Function: onocspresponse],
      onnewsession: [Function: onnewsessionclient],
      onerror: [Function: onerror],
      [Symbol(owner_symbol)]: [Circular *1]
    },
    [Symbol(verified)]: true,
    [Symbol(pendingSession)]: null,
    [Symbol(async_id_symbol)]: 2123,
    [Symbol(kHandle)]: TLSWrap {
      _parent: [TCP],
      _parentWrap: null,
      _secureContext: [SecureContext],
      reading: true,
      onkeylog: [Function: onkeylog],
      onhandshakestart: {},
      onhandshakedone: [Function (anonymous)],
      onocspresponse: [Function: onocspresponse],
      onnewsession: [Function: onnewsessionclient],
      onerror: [Function: onerror],
      [Symbol(owner_symbol)]: [Circular *1]
    },
    [Symbol(lastWriteQueueSize)]: 0,
    [Symbol(timeout)]: Timeout {
      _idleTimeout: 5000,
      _idlePrev: [TimersList],
      _idleNext: [TimersList],
      _idleStart: 4152274,
      _onTimeout: [Function: bound ],
      _timerArgs: undefined,
      _repeat: null,
      _destroyed: false,
      [Symbol(refed)]: false,
      [Symbol(kHasPrimitive)]: false,
      [Symbol(asyncId)]: 2125,
      [Symbol(triggerId)]: 0
    },
    [Symbol(kBuffer)]: null,
    [Symbol(kBufferCb)]: null,
    [Symbol(kBufferGen)]: null,
    [Symbol(shapeMode)]: true,
    [Symbol(kCapture)]: false,
    [Symbol(kSetNoDelay)]: false,
    [Symbol(kSetKeepAlive)]: true,
    [Symbol(kSetKeepAliveInitialDelay)]: 60,
    [Symbol(kBytesRead)]: 0,
    [Symbol(kBytesWritten)]: 0,
    [Symbol(connect-options)]: {
      rejectUnauthorized: true,
      ciphers: 'TLS_AES_256_GCM_SHA384:TLS_CHACHA20_POLY1305_SHA256:TLS_AES_128_GCM_SHA256:ECDHE-RSA-AES128-GCM-SHA256:ECDHE-ECDSA-AES128-GCM-SHA256:ECDHE-RSA-AES256-GCM-SHA384:ECDHE-ECDSA-AES256-GCM-SHA384:DHE-RSA-AES128-GCM-SHA256:ECDHE-RSA-AES128-SHA256:DHE-RSA-AES128-SHA256:ECDHE-RSA-AES256-SHA384:DHE-RSA-AES256-SHA384:ECDHE-RSA-AES256-SHA256:DHE-RSA-AES256-SHA256:HIGH:!aNULL:!eNULL:!EXPORT:!DES:!RC4:!MD5:!PSK:!SRP:!CAMELLIA',
      checkServerIdentity: [Function: checkServerIdentity],
      minDHSize: 1024,
      session: <Buffer 30 82 07 e3 02 01 01 02 02 03 03 04 02 c0 2f 04 20 6a 1e 6f e7 c5 93 4b b5 e3 9d 1d 2b 53 07 11 c4 a9 7d d3 f4 93 ce ca ac c8 1e 5f 52 0d e2 f1 98 04 ... 1973 more bytes>,
      maxRedirects: 21,
      maxBodyLength: Infinity,
      protocol: 'https:',
      path: null,
      method: 'POST',
      headers: [Object: null prototype],
      agents: [Object],
      auth: undefined,
      family: undefined,
      beforeRedirect: [Function: dispatchBeforeRedirect],
      beforeRedirects: [Object],
      hostname: 'open.bigmodel.cn',
      port: 443,
      agent: undefined,
      nativeProtocols: [Object],
      pathname: '/api/paas/v4/chat/completions',
      _defaultAgent: [Agent],
      host: 'open.bigmodel.cn',
      keepAlive: true,
      scheduling: 'lifo',
      timeout: 5000,
      noDelay: true,
      servername: 'open.bigmodel.cn',
      _agentKey: 'open.bigmodel.cn:443:::::::::::::::::::::',
      encoding: null,
      keepAliveInitialDelay: 1000
    }
  },
  httpVersionMajor: 1,
  httpVersionMinor: 1,
  httpVersion: '1.1',
  complete: false,
  rawHeaders: [
    'Date',
    'Tue, 06 Aug 2024 20:50:11 GMT',
    'Transfer-Encoding',
    'chunked',
    'Connection',
    'keep-alive',
    'Set-Cookie',
    'acw_tc=2f6a1fa617229774110108496e0452e32ef4fa3091c720ab482f340f1368c1;path=/;HttpOnly;Max-Age=1800',
    'X-LOG-ID',
    '20240807045011c246048295a0422b',
    'Vary',
    'Origin',
    'Vary',
    'Access-Control-Request-Method',
    'Vary',
    'Access-Control-Request-Headers',
    'Strict-Transport-Security',
    'max-age=31536000; includeSubDomains'
  ],
  rawTrailers: [],
  joinDuplicateHeaders: undefined,
  aborted: false,
  upgrade: false,
  url: '',
  method: null,
  statusCode: 400,
  statusMessage: 'Bad Request',
  client: <ref *1> TLSSocket {
    _tlsOptions: {
      allowHalfOpen: undefined,
      pipe: false,
      secureContext: [SecureContext],
      isServer: false,
      requestCert: true,
      rejectUnauthorized: true,
      session: <Buffer 30 82 07 e3 02 01 01 02 02 03 03 04 02 c0 2f 04 20 6a 1e 6f e7 c5 93 4b b5 e3 9d 1d 2b 53 07 11 c4 a9 7d d3 f4 93 ce ca ac c8 1e 5f 52 0d e2 f1 98 04 ... 1973 more bytes>,
      ALPNProtocols: undefined,
      requestOCSP: undefined,
      enableTrace: undefined,
      pskCallback: undefined,
      highWaterMark: undefined,
      onread: undefined,
      signal: undefined
    },
    _secureEstablished: true,
    _securePending: false,
    _newSessionPending: false,
    _controlReleased: true,
    secureConnecting: false,
    _SNICallback: null,
    servername: 'open.bigmodel.cn',
    alpnProtocol: false,
    authorized: true,
    authorizationError: null,
    encrypted: true,
    _events: [Object: null prototype] {
      close: [Array],
      end: [Array],
      error: [Function: socketErrorListener],
      newListener: [Function: keylogNewListener],
      connect: undefined,
      secure: [Function: onConnectSecure],
      session: [Function (anonymous)],
      free: [Function: onFree],
      timeout: [Array],
      agentRemove: [Function: onRemove],
      data: [Function: socketOnData],
      drain: [Function: ondrain]
    },
    _eventsCount: 11,
    connecting: false,
    _hadError: false,
    _parent: null,
    _host: 'open.bigmodel.cn',
    _closeAfterHandlingError: false,
    _readableState: ReadableState {
      highWaterMark: 16384,
      buffer: [],
      bufferIndex: 0,
      length: 0,
      pipes: [],
      awaitDrainWriters: null,
      [Symbol(kState)]: 194521348
    },
    _writableState: WritableState {
      highWaterMark: 16384,
      length: 0,
      corked: 0,
      onwrite: [Function: bound onwrite],
      writelen: 0,
      bufferedIndex: 0,
      pendingcb: 0,
      [Symbol(kState)]: 17563908,
      [Symbol(kBufferedValue)]: null,
      [Symbol(kWriteCbValue)]: [Function (anonymous)]
    },
    allowHalfOpen: false,
    _maxListeners: undefined,
    _sockname: null,
    _pendingData: null,
    _pendingEncoding: '',
    server: undefined,
    _server: null,
    ssl: TLSWrap {
      _parent: [TCP],
      _parentWrap: null,
      _secureContext: [SecureContext],
      reading: true,
      onkeylog: [Function: onkeylog],
      onhandshakestart: {},
      onhandshakedone: [Function (anonymous)],
      onocspresponse: [Function: onocspresponse],
      onnewsession: [Function: onnewsessionclient],
      onerror: [Function: onerror],
      [Symbol(owner_symbol)]: [Circular *1]
    },
    _requestCert: true,
    _rejectUnauthorized: true,
    timeout: 5000,
    parser: HTTPParser {
      '0': null,
      '1': [Function: parserOnHeaders],
      '2': [Function: parserOnHeadersComplete],
      '3': [Function: parserOnBody],
      '4': [Function: parserOnMessageComplete],
      '5': null,
      '6': null,
      _headers: [],
      _url: '',
      socket: [Circular *1],
      incoming: [Circular *2],
      outgoing: [ClientRequest],
      maxHeaderPairs: 2000,
      _consumed: false,
      onIncoming: [Function: parserOnIncomingClient],
      joinDuplicateHeaders: undefined,
      [Symbol(resource_symbol)]: [HTTPClientAsyncResource]
    },
    _httpMessage: ClientRequest {
      _events: [Object: null prototype],
      _eventsCount: 7,
      _maxListeners: undefined,
      outputData: [],
      outputSize: 0,
      writable: true,
      destroyed: false,
      _last: false,
      chunkedEncoding: false,
      shouldKeepAlive: true,
      maxRequestsOnConnectionReached: false,
      _defaultKeepAlive: true,
      useChunkedEncodingByDefault: true,
      sendDate: false,
      _removedConnection: false,
      _removedContLen: false,
      _removedTE: false,
      strictContentLength: false,
      _contentLength: '234',
      _hasBody: true,
      _trailer: '',
      finished: true,
      _headerSent: true,
      _closed: false,
      socket: [Circular *1],
      _header: 'POST /api/paas/v4/chat/completions HTTP/1.1\r\n' +
        'Accept: application/json, text/plain, */*\r\n' +
        'Content-Type: application/json\r\n' +
        'Authorization: eyJhbGciOiJIUzI1NiIsInR5cCI6IkpXVCIsInNpZ25fdHlwZSI6IlNJR04ifQ.eyJhcGlfa2V5IjoiZDg2YWQ1YmI4NDM2NWZiODE2MTFkMzlhYzUxZTM2ZGUiLCJleHAiOjE3MjI5Nzc0MTMxOTUwMDAsInRpbWVzdGFtcCI6MTcyMjk3NzQxMzAxNTAwMCwiaWF0IjoxNzIyOTc3NDEzfQ.yjqETI3_tyGf8LfCtUTx7gTVm1KFdZnBukQo_5knHTg\r\n' +
        'User-Agent: axios/1.7.3\r\n' +
        'Content-Length: 234\r\n' +
        'Accept-Encoding: gzip, compress, deflate, br\r\n' +
        'Host: open.bigmodel.cn\r\n' +
        'Connection: keep-alive\r\n' +
        '\r\n',
      _keepAliveTimeout: 0,
      _onPendingData: [Function: nop],
      agent: [Agent],
      socketPath: undefined,
      method: 'POST',
      maxHeaderSize: undefined,
      insecureHTTPParser: undefined,
      joinDuplicateHeaders: undefined,
      path: '/api/paas/v4/chat/completions',
      _ended: false,
      res: [Circular *2],
      aborted: false,
      timeoutCb: [Function: emitRequestTimeout],
      upgradeOrConnect: false,
      parser: [HTTPParser],
      maxHeadersCount: null,
      reusedSocket: false,
      host: 'open.bigmodel.cn',
      protocol: 'https:',
      _redirectable: [Writable],
      [Symbol(shapeMode)]: false,
      [Symbol(kCapture)]: false,
      [Symbol(kBytesWritten)]: 0,
      [Symbol(kNeedDrain)]: false,
      [Symbol(corked)]: 0,
      [Symbol(kOutHeaders)]: [Object: null prototype],
      [Symbol(errored)]: null,
      [Symbol(kHighWaterMark)]: 16384,
      [Symbol(kRejectNonStandardBodyWrites)]: false,
      [Symbol(kUniqueHeaders)]: null
    },
    [Symbol(alpncallback)]: null,
    [Symbol(res)]: TLSWrap {
      _parent: [TCP],
      _parentWrap: null,
      _secureContext: [SecureContext],
      reading: true,
      onkeylog: [Function: onkeylog],
      onhandshakestart: {},
      onhandshakedone: [Function (anonymous)],
      onocspresponse: [Function: onocspresponse],
      onnewsession: [Function: onnewsessionclient],
      onerror: [Function: onerror],
      [Symbol(owner_symbol)]: [Circular *1]
    },
    [Symbol(verified)]: true,
    [Symbol(pendingSession)]: null,
    [Symbol(async_id_symbol)]: 2123,
    [Symbol(kHandle)]: TLSWrap {
      _parent: [TCP],
      _parentWrap: null,
      _secureContext: [SecureContext],
      reading: true,
      onkeylog: [Function: onkeylog],
      onhandshakestart: {},
      onhandshakedone: [Function (anonymous)],
      onocspresponse: [Function: onocspresponse],
      onnewsession: [Function: onnewsessionclient],
      onerror: [Function: onerror],
      [Symbol(owner_symbol)]: [Circular *1]
    },
    [Symbol(lastWriteQueueSize)]: 0,
    [Symbol(timeout)]: Timeout {
      _idleTimeout: 5000,
      _idlePrev: [TimersList],
      _idleNext: [TimersList],
      _idleStart: 4152274,
      _onTimeout: [Function: bound ],
      _timerArgs: undefined,
      _repeat: null,
      _destroyed: false,
      [Symbol(refed)]: false,
      [Symbol(kHasPrimitive)]: false,
      [Symbol(asyncId)]: 2125,
      [Symbol(triggerId)]: 0
    },
    [Symbol(kBuffer)]: null,
    [Symbol(kBufferCb)]: null,
    [Symbol(kBufferGen)]: null,
    [Symbol(shapeMode)]: true,
    [Symbol(kCapture)]: false,
    [Symbol(kSetNoDelay)]: false,
    [Symbol(kSetKeepAlive)]: true,
    [Symbol(kSetKeepAliveInitialDelay)]: 60,
    [Symbol(kBytesRead)]: 0,
    [Symbol(kBytesWritten)]: 0,
    [Symbol(connect-options)]: {
      rejectUnauthorized: true,
      ciphers: 'TLS_AES_256_GCM_SHA384:TLS_CHACHA20_POLY1305_SHA256:TLS_AES_128_GCM_SHA256:ECDHE-RSA-AES128-GCM-SHA256:ECDHE-ECDSA-AES128-GCM-SHA256:ECDHE-RSA-AES256-GCM-SHA384:ECDHE-ECDSA-AES256-GCM-SHA384:DHE-RSA-AES128-GCM-SHA256:ECDHE-RSA-AES128-SHA256:DHE-RSA-AES128-SHA256:ECDHE-RSA-AES256-SHA384:DHE-RSA-AES256-SHA384:ECDHE-RSA-AES256-SHA256:DHE-RSA-AES256-SHA256:HIGH:!aNULL:!eNULL:!EXPORT:!DES:!RC4:!MD5:!PSK:!SRP:!CAMELLIA',
      checkServerIdentity: [Function: checkServerIdentity],
      minDHSize: 1024,
      session: <Buffer 30 82 07 e3 02 01 01 02 02 03 03 04 02 c0 2f 04 20 6a 1e 6f e7 c5 93 4b b5 e3 9d 1d 2b 53 07 11 c4 a9 7d d3 f4 93 ce ca ac c8 1e 5f 52 0d e2 f1 98 04 ... 1973 more bytes>,
      maxRedirects: 21,
      maxBodyLength: Infinity,
      protocol: 'https:',
      path: null,
      method: 'POST',
      headers: [Object: null prototype],
      agents: [Object],
      auth: undefined,
      family: undefined,
      beforeRedirect: [Function: dispatchBeforeRedirect],
      beforeRedirects: [Object],
      hostname: 'open.bigmodel.cn',
      port: 443,
      agent: undefined,
      nativeProtocols: [Object],
      pathname: '/api/paas/v4/chat/completions',
      _defaultAgent: [Agent],
      host: 'open.bigmodel.cn',
      keepAlive: true,
      scheduling: 'lifo',
      timeout: 5000,
      noDelay: true,
      servername: 'open.bigmodel.cn',
      _agentKey: 'open.bigmodel.cn:443:::::::::::::::::::::',
      encoding: null,
      keepAliveInitialDelay: 1000
    }
  },
  _consuming: false,
  _dumped: false,
  req: <ref *3> ClientRequest {
    _events: [Object: null prototype] {
      abort: [Function (anonymous)],
      aborted: [Function (anonymous)],
      connect: [Function (anonymous)],
      error: [Function (anonymous)],
      socket: [Function (anonymous)],
      timeout: [Function (anonymous)],
      finish: [Function: requestOnFinish]
    },
    _eventsCount: 7,
    _maxListeners: undefined,
    outputData: [],
    outputSize: 0,
    writable: true,
    destroyed: false,
    _last: false,
    chunkedEncoding: false,
    shouldKeepAlive: true,
    maxRequestsOnConnectionReached: false,
    _defaultKeepAlive: true,
    useChunkedEncodingByDefault: true,
    sendDate: false,
    _removedConnection: false,
    _removedContLen: false,
    _removedTE: false,
    strictContentLength: false,
    _contentLength: '234',
    _hasBody: true,
    _trailer: '',
    finished: true,
    _headerSent: true,
    _closed: false,
    socket: <ref *1> TLSSocket {
      _tlsOptions: [Object],
      _secureEstablished: true,
      _securePending: false,
      _newSessionPending: false,
      _controlReleased: true,
      secureConnecting: false,
      _SNICallback: null,
      servername: 'open.bigmodel.cn',
      alpnProtocol: false,
      authorized: true,
      authorizationError: null,
      encrypted: true,
      _events: [Object: null prototype],
      _eventsCount: 11,
      connecting: false,
      _hadError: false,
      _parent: null,
      _host: 'open.bigmodel.cn',
      _closeAfterHandlingError: false,
      _readableState: [ReadableState],
      _writableState: [WritableState],
      allowHalfOpen: false,
      _maxListeners: undefined,
      _sockname: null,
      _pendingData: null,
      _pendingEncoding: '',
      server: undefined,
      _server: null,
      ssl: [TLSWrap],
      _requestCert: true,
      _rejectUnauthorized: true,
      timeout: 5000,
      parser: [HTTPParser],
      _httpMessage: [Circular *3],
      [Symbol(alpncallback)]: null,
      [Symbol(res)]: [TLSWrap],
      [Symbol(verified)]: true,
      [Symbol(pendingSession)]: null,
      [Symbol(async_id_symbol)]: 2123,
      [Symbol(kHandle)]: [TLSWrap],
      [Symbol(lastWriteQueueSize)]: 0,
      [Symbol(timeout)]: Timeout {
        _idleTimeout: 5000,
        _idlePrev: [TimersList],
        _idleNext: [TimersList],
        _idleStart: 4152274,
        _onTimeout: [Function: bound ],
        _timerArgs: undefined,
        _repeat: null,
        _destroyed: false,
        [Symbol(refed)]: false,
        [Symbol(kHasPrimitive)]: false,
        [Symbol(asyncId)]: 2125,
        [Symbol(triggerId)]: 0
      },
      [Symbol(kBuffer)]: null,
      [Symbol(kBufferCb)]: null,
      [Symbol(kBufferGen)]: null,
      [Symbol(shapeMode)]: true,
      [Symbol(kCapture)]: false,
      [Symbol(kSetNoDelay)]: false,
      [Symbol(kSetKeepAlive)]: true,
      [Symbol(kSetKeepAliveInitialDelay)]: 60,
      [Symbol(kBytesRead)]: 0,
      [Symbol(kBytesWritten)]: 0,
      [Symbol(connect-options)]: [Object]
    },
    _header: 'POST /api/paas/v4/chat/completions HTTP/1.1\r\n' +
      'Accept: application/json, text/plain, */*\r\n' +
      'Content-Type: application/json\r\n' +
      'Authorization: eyJhbGciOiJIUzI1NiIsInR5cCI6IkpXVCIsInNpZ25fdHlwZSI6IlNJR04ifQ.eyJhcGlfa2V5IjoiZDg2YWQ1YmI4NDM2NWZiODE2MTFkMzlhYzUxZTM2ZGUiLCJleHAiOjE3MjI5Nzc0MTMxOTUwMDAsInRpbWVzdGFtcCI6MTcyMjk3NzQxMzAxNTAwMCwiaWF0IjoxNzIyOTc3NDEzfQ.yjqETI3_tyGf8LfCtUTx7gTVm1KFdZnBukQo_5knHTg\r\n' +
      'User-Agent: axios/1.7.3\r\n' +
      'Content-Length: 234\r\n' +
      'Accept-Encoding: gzip, compress, deflate, br\r\n' +
      'Host: open.bigmodel.cn\r\n' +
      'Connection: keep-alive\r\n' +
      '\r\n',
    _keepAliveTimeout: 0,
    _onPendingData: [Function: nop],
    agent: Agent {
      _events: [Object: null prototype],
      _eventsCount: 2,
      _maxListeners: undefined,
      defaultPort: 443,
      protocol: 'https:',
      options: [Object: null prototype],
      requests: [Object: null prototype] {},
      sockets: [Object: null prototype],
      freeSockets: [Object: null prototype] {},
      keepAliveMsecs: 1000,
      keepAlive: true,
      maxSockets: Infinity,
      maxFreeSockets: 256,
      scheduling: 'lifo',
      maxTotalSockets: Infinity,
      totalSocketCount: 1,
      maxCachedSessions: 100,
      _sessionCache: [Object],
      [Symbol(shapeMode)]: false,
      [Symbol(kCapture)]: false
    },
    socketPath: undefined,
    method: 'POST',
    maxHeaderSize: undefined,
    insecureHTTPParser: undefined,
    joinDuplicateHeaders: undefined,
    path: '/api/paas/v4/chat/completions',
    _ended: false,
    res: [Circular *2],
    aborted: false,
    timeoutCb: [Function: emitRequestTimeout],
    upgradeOrConnect: false,
    parser: HTTPParser {
      '0': null,
      '1': [Function: parserOnHeaders],
      '2': [Function: parserOnHeadersComplete],
      '3': [Function: parserOnBody],
      '4': [Function: parserOnMessageComplete],
      '5': null,
      '6': null,
      _headers: [],
      _url: '',
      socket: [TLSSocket],
      incoming: [Circular *2],
      outgoing: [Circular *3],
      maxHeaderPairs: 2000,
      _consumed: false,
      onIncoming: [Function: parserOnIncomingClient],
      joinDuplicateHeaders: undefined,
      [Symbol(resource_symbol)]: [HTTPClientAsyncResource]
    },
    maxHeadersCount: null,
    reusedSocket: false,
    host: 'open.bigmodel.cn',
    protocol: 'https:',
    _redirectable: Writable {
      _events: [Object],
      _writableState: [WritableState],
      _maxListeners: undefined,
      _options: [Object],
      _ended: true,
      _ending: true,
      _redirectCount: 0,
      _redirects: [],
      _requestBodyLength: 234,
      _requestBodyBuffers: [],
      _eventsCount: 3,
      _onNativeResponse: [Function (anonymous)],
      _currentRequest: [Circular *3],
      _currentUrl: 'https://open.bigmodel.cn/api/paas/v4/chat/completions',
      [Symbol(shapeMode)]: true,
      [Symbol(kCapture)]: false
    },
    [Symbol(shapeMode)]: false,
    [Symbol(kCapture)]: false,
    [Symbol(kBytesWritten)]: 0,
    [Symbol(kNeedDrain)]: false,
    [Symbol(corked)]: 0,
    [Symbol(kOutHeaders)]: [Object: null prototype] {
      accept: [Array],
      'content-type': [Array],
      authorization: [Array],
      'user-agent': [Array],
      'content-length': [Array],
      'accept-encoding': [Array],
      host: [Array]
    },
    [Symbol(errored)]: null,
    [Symbol(kHighWaterMark)]: 16384,
    [Symbol(kRejectNonStandardBodyWrites)]: false,
    [Symbol(kUniqueHeaders)]: null
  },
  _eventsCount: 4,
  responseUrl: 'https://open.bigmodel.cn/api/paas/v4/chat/completions',
  redirects: [],
  [Symbol(shapeMode)]: true,
  [Symbol(kCapture)]: false,
  [Symbol(kHeaders)]: {
    date: 'Tue, 06 Aug 2024 20:50:11 GMT',
    'transfer-encoding': 'chunked',
    connection: 'keep-alive',
    'set-cookie': [
      'acw_tc=2f6a1fa617229774110108496e0452e32ef4fa3091c720ab482f340f1368c1;path=/;HttpOnly;Max-Age=1800'
    ],
    'x-log-id': '20240807045011c246048295a0422b',
    vary: 'Origin, Access-Control-Request-Method, Access-Control-Request-Headers',
    'strict-transport-security': 'max-age=31536000; includeSubDomains'
  },
  [Symbol(kHeadersCount)]: 18,
  [Symbol(kTrailers)]: null,
  [Symbol(kTrailersCount)]: 0
}
[2024-08-07T05:00:02.342] [ERROR] error - <ref *2> IncomingMessage {
  _events: {
    close: [Function: onclose],
    error: [Function: onerror],
    data: undefined,
    end: [ [Function: responseOnEnd], [Function: onend] ],
    readable: undefined,
    finish: [Function: onfinish]
  },
  _readableState: ReadableState {
    highWaterMark: 16384,
    buffer: [],
    bufferIndex: 0,
    length: 0,
    pipes: [],
    awaitDrainWriters: null,
    [Symbol(kState)]: 1315084
  },
  _maxListeners: undefined,
  socket: <ref *1> TLSSocket {
    _tlsOptions: {
      allowHalfOpen: undefined,
      pipe: false,
      secureContext: [SecureContext],
      isServer: false,
      requestCert: true,
      rejectUnauthorized: true,
      session: <Buffer 30 82 07 e3 02 01 01 02 02 03 03 04 02 c0 2f 04 20 81 f5 5e 77 85 fa f8 30 b6 6f 9c a3 cd 74 b8 f0 fe 90 6b da 65 ed 52 bf 0f f2 64 72 64 c5 43 aa 04 ... 1973 more bytes>,
      ALPNProtocols: undefined,
      requestOCSP: undefined,
      enableTrace: undefined,
      pskCallback: undefined,
      highWaterMark: undefined,
      onread: undefined,
      signal: undefined
    },
    _secureEstablished: true,
    _securePending: false,
    _newSessionPending: false,
    _controlReleased: true,
    secureConnecting: false,
    _SNICallback: null,
    servername: 'open.bigmodel.cn',
    alpnProtocol: false,
    authorized: true,
    authorizationError: null,
    encrypted: true,
    _events: [Object: null prototype] {
      close: [Array],
      end: [Array],
      error: [Function: socketErrorListener],
      newListener: [Function: keylogNewListener],
      connect: undefined,
      secure: [Function: onConnectSecure],
      session: [Function (anonymous)],
      free: [Function: onFree],
      timeout: [Array],
      agentRemove: [Function: onRemove],
      data: [Function: socketOnData],
      drain: [Function: ondrain]
    },
    _eventsCount: 11,
    connecting: false,
    _hadError: false,
    _parent: null,
    _host: 'open.bigmodel.cn',
    _closeAfterHandlingError: false,
    _readableState: ReadableState {
      highWaterMark: 16384,
      buffer: [],
      bufferIndex: 0,
      length: 0,
      pipes: [],
      awaitDrainWriters: null,
      [Symbol(kState)]: 194521348
    },
    _writableState: WritableState {
      highWaterMark: 16384,
      length: 0,
      corked: 0,
      onwrite: [Function: bound onwrite],
      writelen: 0,
      bufferedIndex: 0,
      pendingcb: 0,
      [Symbol(kState)]: 17563908,
      [Symbol(kBufferedValue)]: null,
      [Symbol(kWriteCbValue)]: [Function (anonymous)]
    },
    allowHalfOpen: false,
    _maxListeners: undefined,
    _sockname: null,
    _pendingData: null,
    _pendingEncoding: '',
    server: undefined,
    _server: null,
    ssl: TLSWrap {
      _parent: [TCP],
      _parentWrap: null,
      _secureContext: [SecureContext],
      reading: true,
      onkeylog: [Function: onkeylog],
      onhandshakestart: {},
      onhandshakedone: [Function (anonymous)],
      onocspresponse: [Function: onocspresponse],
      onnewsession: [Function: onnewsessionclient],
      onerror: [Function: onerror],
      [Symbol(owner_symbol)]: [Circular *1]
    },
    _requestCert: true,
    _rejectUnauthorized: true,
    timeout: 5000,
    parser: HTTPParser {
      '0': null,
      '1': [Function: parserOnHeaders],
      '2': [Function: parserOnHeadersComplete],
      '3': [Function: parserOnBody],
      '4': [Function: parserOnMessageComplete],
      '5': null,
      '6': null,
      _headers: [],
      _url: '',
      socket: [Circular *1],
      incoming: [Circular *2],
      outgoing: [ClientRequest],
      maxHeaderPairs: 2000,
      _consumed: false,
      onIncoming: [Function: parserOnIncomingClient],
      joinDuplicateHeaders: undefined,
      [Symbol(resource_symbol)]: [HTTPClientAsyncResource]
    },
    _httpMessage: ClientRequest {
      _events: [Object: null prototype],
      _eventsCount: 7,
      _maxListeners: undefined,
      outputData: [],
      outputSize: 0,
      writable: true,
      destroyed: false,
      _last: false,
      chunkedEncoding: false,
      shouldKeepAlive: true,
      maxRequestsOnConnectionReached: false,
      _defaultKeepAlive: true,
      useChunkedEncodingByDefault: true,
      sendDate: false,
      _removedConnection: false,
      _removedContLen: false,
      _removedTE: false,
      strictContentLength: false,
      _contentLength: '234',
      _hasBody: true,
      _trailer: '',
      finished: true,
      _headerSent: true,
      _closed: false,
      socket: [Circular *1],
      _header: 'POST /api/paas/v4/chat/completions HTTP/1.1\r\n' +
        'Accept: application/json, text/plain, */*\r\n' +
        'Content-Type: application/json\r\n' +
        'Authorization: eyJhbGciOiJIUzI1NiIsInR5cCI6IkpXVCIsInNpZ25fdHlwZSI6IlNJR04ifQ.eyJhcGlfa2V5IjoiZDg2YWQ1YmI4NDM2NWZiODE2MTFkMzlhYzUxZTM2ZGUiLCJleHAiOjE3MjI5NzgwMDIxMTYwMDAsInRpbWVzdGFtcCI6MTcyMjk3ODAwMTkzNjAwMCwiaWF0IjoxNzIyOTc4MDAxfQ.BVJkotzzweyRILfxeYWHjUVnEinHLyqZX-Jr8vFE1N0\r\n' +
        'User-Agent: axios/1.7.3\r\n' +
        'Content-Length: 234\r\n' +
        'Accept-Encoding: gzip, compress, deflate, br\r\n' +
        'Host: open.bigmodel.cn\r\n' +
        'Connection: keep-alive\r\n' +
        '\r\n',
      _keepAliveTimeout: 0,
      _onPendingData: [Function: nop],
      agent: [Agent],
      socketPath: undefined,
      method: 'POST',
      maxHeaderSize: undefined,
      insecureHTTPParser: undefined,
      joinDuplicateHeaders: undefined,
      path: '/api/paas/v4/chat/completions',
      _ended: false,
      res: [Circular *2],
      aborted: false,
      timeoutCb: [Function: emitRequestTimeout],
      upgradeOrConnect: false,
      parser: [HTTPParser],
      maxHeadersCount: null,
      reusedSocket: false,
      host: 'open.bigmodel.cn',
      protocol: 'https:',
      _redirectable: [Writable],
      [Symbol(shapeMode)]: false,
      [Symbol(kCapture)]: false,
      [Symbol(kBytesWritten)]: 0,
      [Symbol(kNeedDrain)]: false,
      [Symbol(corked)]: 0,
      [Symbol(kOutHeaders)]: [Object: null prototype],
      [Symbol(errored)]: null,
      [Symbol(kHighWaterMark)]: 16384,
      [Symbol(kRejectNonStandardBodyWrites)]: false,
      [Symbol(kUniqueHeaders)]: null
    },
    [Symbol(alpncallback)]: null,
    [Symbol(res)]: TLSWrap {
      _parent: [TCP],
      _parentWrap: null,
      _secureContext: [SecureContext],
      reading: true,
      onkeylog: [Function: onkeylog],
      onhandshakestart: {},
      onhandshakedone: [Function (anonymous)],
      onocspresponse: [Function: onocspresponse],
      onnewsession: [Function: onnewsessionclient],
      onerror: [Function: onerror],
      [Symbol(owner_symbol)]: [Circular *1]
    },
    [Symbol(verified)]: true,
    [Symbol(pendingSession)]: null,
    [Symbol(async_id_symbol)]: 2161,
    [Symbol(kHandle)]: TLSWrap {
      _parent: [TCP],
      _parentWrap: null,
      _secureContext: [SecureContext],
      reading: true,
      onkeylog: [Function: onkeylog],
      onhandshakestart: {},
      onhandshakedone: [Function (anonymous)],
      onocspresponse: [Function: onocspresponse],
      onnewsession: [Function: onnewsessionclient],
      onerror: [Function: onerror],
      [Symbol(owner_symbol)]: [Circular *1]
    },
    [Symbol(lastWriteQueueSize)]: 0,
    [Symbol(timeout)]: Timeout {
      _idleTimeout: 5000,
      _idlePrev: [TimersList],
      _idleNext: [TimersList],
      _idleStart: 4741198,
      _onTimeout: [Function: bound ],
      _timerArgs: undefined,
      _repeat: null,
      _destroyed: false,
      [Symbol(refed)]: false,
      [Symbol(kHasPrimitive)]: false,
      [Symbol(asyncId)]: 2163,
      [Symbol(triggerId)]: 0
    },
    [Symbol(kBuffer)]: null,
    [Symbol(kBufferCb)]: null,
    [Symbol(kBufferGen)]: null,
    [Symbol(shapeMode)]: true,
    [Symbol(kCapture)]: false,
    [Symbol(kSetNoDelay)]: false,
    [Symbol(kSetKeepAlive)]: true,
    [Symbol(kSetKeepAliveInitialDelay)]: 60,
    [Symbol(kBytesRead)]: 0,
    [Symbol(kBytesWritten)]: 0,
    [Symbol(connect-options)]: {
      rejectUnauthorized: true,
      ciphers: 'TLS_AES_256_GCM_SHA384:TLS_CHACHA20_POLY1305_SHA256:TLS_AES_128_GCM_SHA256:ECDHE-RSA-AES128-GCM-SHA256:ECDHE-ECDSA-AES128-GCM-SHA256:ECDHE-RSA-AES256-GCM-SHA384:ECDHE-ECDSA-AES256-GCM-SHA384:DHE-RSA-AES128-GCM-SHA256:ECDHE-RSA-AES128-SHA256:DHE-RSA-AES128-SHA256:ECDHE-RSA-AES256-SHA384:DHE-RSA-AES256-SHA384:ECDHE-RSA-AES256-SHA256:DHE-RSA-AES256-SHA256:HIGH:!aNULL:!eNULL:!EXPORT:!DES:!RC4:!MD5:!PSK:!SRP:!CAMELLIA',
      checkServerIdentity: [Function: checkServerIdentity],
      minDHSize: 1024,
      session: <Buffer 30 82 07 e3 02 01 01 02 02 03 03 04 02 c0 2f 04 20 81 f5 5e 77 85 fa f8 30 b6 6f 9c a3 cd 74 b8 f0 fe 90 6b da 65 ed 52 bf 0f f2 64 72 64 c5 43 aa 04 ... 1973 more bytes>,
      maxRedirects: 21,
      maxBodyLength: Infinity,
      protocol: 'https:',
      path: null,
      method: 'POST',
      headers: [Object: null prototype],
      agents: [Object],
      auth: undefined,
      family: undefined,
      beforeRedirect: [Function: dispatchBeforeRedirect],
      beforeRedirects: [Object],
      hostname: 'open.bigmodel.cn',
      port: 443,
      agent: undefined,
      nativeProtocols: [Object],
      pathname: '/api/paas/v4/chat/completions',
      _defaultAgent: [Agent],
      host: 'open.bigmodel.cn',
      keepAlive: true,
      scheduling: 'lifo',
      timeout: 5000,
      noDelay: true,
      servername: 'open.bigmodel.cn',
      _agentKey: 'open.bigmodel.cn:443:::::::::::::::::::::',
      encoding: null,
      keepAliveInitialDelay: 1000
    }
  },
  httpVersionMajor: 1,
  httpVersionMinor: 1,
  httpVersion: '1.1',
  complete: false,
  rawHeaders: [
    'Date',
    'Tue, 06 Aug 2024 21:00:00 GMT',
    'Transfer-Encoding',
    'chunked',
    'Connection',
    'keep-alive',
    'Set-Cookie',
    'acw_tc=2f6a1fa717229779999345539e42e4cbed6749f11d350b9d952e103a4a7c6a;path=/;HttpOnly;Max-Age=1800',
    'X-LOG-ID',
    '2024080705000081b09efc2aa94325',
    'Vary',
    'Origin',
    'Vary',
    'Access-Control-Request-Method',
    'Vary',
    'Access-Control-Request-Headers',
    'Strict-Transport-Security',
    'max-age=31536000; includeSubDomains'
  ],
  rawTrailers: [],
  joinDuplicateHeaders: undefined,
  aborted: false,
  upgrade: false,
  url: '',
  method: null,
  statusCode: 400,
  statusMessage: 'Bad Request',
  client: <ref *1> TLSSocket {
    _tlsOptions: {
      allowHalfOpen: undefined,
      pipe: false,
      secureContext: [SecureContext],
      isServer: false,
      requestCert: true,
      rejectUnauthorized: true,
      session: <Buffer 30 82 07 e3 02 01 01 02 02 03 03 04 02 c0 2f 04 20 81 f5 5e 77 85 fa f8 30 b6 6f 9c a3 cd 74 b8 f0 fe 90 6b da 65 ed 52 bf 0f f2 64 72 64 c5 43 aa 04 ... 1973 more bytes>,
      ALPNProtocols: undefined,
      requestOCSP: undefined,
      enableTrace: undefined,
      pskCallback: undefined,
      highWaterMark: undefined,
      onread: undefined,
      signal: undefined
    },
    _secureEstablished: true,
    _securePending: false,
    _newSessionPending: false,
    _controlReleased: true,
    secureConnecting: false,
    _SNICallback: null,
    servername: 'open.bigmodel.cn',
    alpnProtocol: false,
    authorized: true,
    authorizationError: null,
    encrypted: true,
    _events: [Object: null prototype] {
      close: [Array],
      end: [Array],
      error: [Function: socketErrorListener],
      newListener: [Function: keylogNewListener],
      connect: undefined,
      secure: [Function: onConnectSecure],
      session: [Function (anonymous)],
      free: [Function: onFree],
      timeout: [Array],
      agentRemove: [Function: onRemove],
      data: [Function: socketOnData],
      drain: [Function: ondrain]
    },
    _eventsCount: 11,
    connecting: false,
    _hadError: false,
    _parent: null,
    _host: 'open.bigmodel.cn',
    _closeAfterHandlingError: false,
    _readableState: ReadableState {
      highWaterMark: 16384,
      buffer: [],
      bufferIndex: 0,
      length: 0,
      pipes: [],
      awaitDrainWriters: null,
      [Symbol(kState)]: 194521348
    },
    _writableState: WritableState {
      highWaterMark: 16384,
      length: 0,
      corked: 0,
      onwrite: [Function: bound onwrite],
      writelen: 0,
      bufferedIndex: 0,
      pendingcb: 0,
      [Symbol(kState)]: 17563908,
      [Symbol(kBufferedValue)]: null,
      [Symbol(kWriteCbValue)]: [Function (anonymous)]
    },
    allowHalfOpen: false,
    _maxListeners: undefined,
    _sockname: null,
    _pendingData: null,
    _pendingEncoding: '',
    server: undefined,
    _server: null,
    ssl: TLSWrap {
      _parent: [TCP],
      _parentWrap: null,
      _secureContext: [SecureContext],
      reading: true,
      onkeylog: [Function: onkeylog],
      onhandshakestart: {},
      onhandshakedone: [Function (anonymous)],
      onocspresponse: [Function: onocspresponse],
      onnewsession: [Function: onnewsessionclient],
      onerror: [Function: onerror],
      [Symbol(owner_symbol)]: [Circular *1]
    },
    _requestCert: true,
    _rejectUnauthorized: true,
    timeout: 5000,
    parser: HTTPParser {
      '0': null,
      '1': [Function: parserOnHeaders],
      '2': [Function: parserOnHeadersComplete],
      '3': [Function: parserOnBody],
      '4': [Function: parserOnMessageComplete],
      '5': null,
      '6': null,
      _headers: [],
      _url: '',
      socket: [Circular *1],
      incoming: [Circular *2],
      outgoing: [ClientRequest],
      maxHeaderPairs: 2000,
      _consumed: false,
      onIncoming: [Function: parserOnIncomingClient],
      joinDuplicateHeaders: undefined,
      [Symbol(resource_symbol)]: [HTTPClientAsyncResource]
    },
    _httpMessage: ClientRequest {
      _events: [Object: null prototype],
      _eventsCount: 7,
      _maxListeners: undefined,
      outputData: [],
      outputSize: 0,
      writable: true,
      destroyed: false,
      _last: false,
      chunkedEncoding: false,
      shouldKeepAlive: true,
      maxRequestsOnConnectionReached: false,
      _defaultKeepAlive: true,
      useChunkedEncodingByDefault: true,
      sendDate: false,
      _removedConnection: false,
      _removedContLen: false,
      _removedTE: false,
      strictContentLength: false,
      _contentLength: '234',
      _hasBody: true,
      _trailer: '',
      finished: true,
      _headerSent: true,
      _closed: false,
      socket: [Circular *1],
      _header: 'POST /api/paas/v4/chat/completions HTTP/1.1\r\n' +
        'Accept: application/json, text/plain, */*\r\n' +
        'Content-Type: application/json\r\n' +
        'Authorization: eyJhbGciOiJIUzI1NiIsInR5cCI6IkpXVCIsInNpZ25fdHlwZSI6IlNJR04ifQ.eyJhcGlfa2V5IjoiZDg2YWQ1YmI4NDM2NWZiODE2MTFkMzlhYzUxZTM2ZGUiLCJleHAiOjE3MjI5NzgwMDIxMTYwMDAsInRpbWVzdGFtcCI6MTcyMjk3ODAwMTkzNjAwMCwiaWF0IjoxNzIyOTc4MDAxfQ.BVJkotzzweyRILfxeYWHjUVnEinHLyqZX-Jr8vFE1N0\r\n' +
        'User-Agent: axios/1.7.3\r\n' +
        'Content-Length: 234\r\n' +
        'Accept-Encoding: gzip, compress, deflate, br\r\n' +
        'Host: open.bigmodel.cn\r\n' +
        'Connection: keep-alive\r\n' +
        '\r\n',
      _keepAliveTimeout: 0,
      _onPendingData: [Function: nop],
      agent: [Agent],
      socketPath: undefined,
      method: 'POST',
      maxHeaderSize: undefined,
      insecureHTTPParser: undefined,
      joinDuplicateHeaders: undefined,
      path: '/api/paas/v4/chat/completions',
      _ended: false,
      res: [Circular *2],
      aborted: false,
      timeoutCb: [Function: emitRequestTimeout],
      upgradeOrConnect: false,
      parser: [HTTPParser],
      maxHeadersCount: null,
      reusedSocket: false,
      host: 'open.bigmodel.cn',
      protocol: 'https:',
      _redirectable: [Writable],
      [Symbol(shapeMode)]: false,
      [Symbol(kCapture)]: false,
      [Symbol(kBytesWritten)]: 0,
      [Symbol(kNeedDrain)]: false,
      [Symbol(corked)]: 0,
      [Symbol(kOutHeaders)]: [Object: null prototype],
      [Symbol(errored)]: null,
      [Symbol(kHighWaterMark)]: 16384,
      [Symbol(kRejectNonStandardBodyWrites)]: false,
      [Symbol(kUniqueHeaders)]: null
    },
    [Symbol(alpncallback)]: null,
    [Symbol(res)]: TLSWrap {
      _parent: [TCP],
      _parentWrap: null,
      _secureContext: [SecureContext],
      reading: true,
      onkeylog: [Function: onkeylog],
      onhandshakestart: {},
      onhandshakedone: [Function (anonymous)],
      onocspresponse: [Function: onocspresponse],
      onnewsession: [Function: onnewsessionclient],
      onerror: [Function: onerror],
      [Symbol(owner_symbol)]: [Circular *1]
    },
    [Symbol(verified)]: true,
    [Symbol(pendingSession)]: null,
    [Symbol(async_id_symbol)]: 2161,
    [Symbol(kHandle)]: TLSWrap {
      _parent: [TCP],
      _parentWrap: null,
      _secureContext: [SecureContext],
      reading: true,
      onkeylog: [Function: onkeylog],
      onhandshakestart: {},
      onhandshakedone: [Function (anonymous)],
      onocspresponse: [Function: onocspresponse],
      onnewsession: [Function: onnewsessionclient],
      onerror: [Function: onerror],
      [Symbol(owner_symbol)]: [Circular *1]
    },
    [Symbol(lastWriteQueueSize)]: 0,
    [Symbol(timeout)]: Timeout {
      _idleTimeout: 5000,
      _idlePrev: [TimersList],
      _idleNext: [TimersList],
      _idleStart: 4741198,
      _onTimeout: [Function: bound ],
      _timerArgs: undefined,
      _repeat: null,
      _destroyed: false,
      [Symbol(refed)]: false,
      [Symbol(kHasPrimitive)]: false,
      [Symbol(asyncId)]: 2163,
      [Symbol(triggerId)]: 0
    },
    [Symbol(kBuffer)]: null,
    [Symbol(kBufferCb)]: null,
    [Symbol(kBufferGen)]: null,
    [Symbol(shapeMode)]: true,
    [Symbol(kCapture)]: false,
    [Symbol(kSetNoDelay)]: false,
    [Symbol(kSetKeepAlive)]: true,
    [Symbol(kSetKeepAliveInitialDelay)]: 60,
    [Symbol(kBytesRead)]: 0,
    [Symbol(kBytesWritten)]: 0,
    [Symbol(connect-options)]: {
      rejectUnauthorized: true,
      ciphers: 'TLS_AES_256_GCM_SHA384:TLS_CHACHA20_POLY1305_SHA256:TLS_AES_128_GCM_SHA256:ECDHE-RSA-AES128-GCM-SHA256:ECDHE-ECDSA-AES128-GCM-SHA256:ECDHE-RSA-AES256-GCM-SHA384:ECDHE-ECDSA-AES256-GCM-SHA384:DHE-RSA-AES128-GCM-SHA256:ECDHE-RSA-AES128-SHA256:DHE-RSA-AES128-SHA256:ECDHE-RSA-AES256-SHA384:DHE-RSA-AES256-SHA384:ECDHE-RSA-AES256-SHA256:DHE-RSA-AES256-SHA256:HIGH:!aNULL:!eNULL:!EXPORT:!DES:!RC4:!MD5:!PSK:!SRP:!CAMELLIA',
      checkServerIdentity: [Function: checkServerIdentity],
      minDHSize: 1024,
      session: <Buffer 30 82 07 e3 02 01 01 02 02 03 03 04 02 c0 2f 04 20 81 f5 5e 77 85 fa f8 30 b6 6f 9c a3 cd 74 b8 f0 fe 90 6b da 65 ed 52 bf 0f f2 64 72 64 c5 43 aa 04 ... 1973 more bytes>,
      maxRedirects: 21,
      maxBodyLength: Infinity,
      protocol: 'https:',
      path: null,
      method: 'POST',
      headers: [Object: null prototype],
      agents: [Object],
      auth: undefined,
      family: undefined,
      beforeRedirect: [Function: dispatchBeforeRedirect],
      beforeRedirects: [Object],
      hostname: 'open.bigmodel.cn',
      port: 443,
      agent: undefined,
      nativeProtocols: [Object],
      pathname: '/api/paas/v4/chat/completions',
      _defaultAgent: [Agent],
      host: 'open.bigmodel.cn',
      keepAlive: true,
      scheduling: 'lifo',
      timeout: 5000,
      noDelay: true,
      servername: 'open.bigmodel.cn',
      _agentKey: 'open.bigmodel.cn:443:::::::::::::::::::::',
      encoding: null,
      keepAliveInitialDelay: 1000
    }
  },
  _consuming: false,
  _dumped: false,
  req: <ref *3> ClientRequest {
    _events: [Object: null prototype] {
      abort: [Function (anonymous)],
      aborted: [Function (anonymous)],
      connect: [Function (anonymous)],
      error: [Function (anonymous)],
      socket: [Function (anonymous)],
      timeout: [Function (anonymous)],
      finish: [Function: requestOnFinish]
    },
    _eventsCount: 7,
    _maxListeners: undefined,
    outputData: [],
    outputSize: 0,
    writable: true,
    destroyed: false,
    _last: false,
    chunkedEncoding: false,
    shouldKeepAlive: true,
    maxRequestsOnConnectionReached: false,
    _defaultKeepAlive: true,
    useChunkedEncodingByDefault: true,
    sendDate: false,
    _removedConnection: false,
    _removedContLen: false,
    _removedTE: false,
    strictContentLength: false,
    _contentLength: '234',
    _hasBody: true,
    _trailer: '',
    finished: true,
    _headerSent: true,
    _closed: false,
    socket: <ref *1> TLSSocket {
      _tlsOptions: [Object],
      _secureEstablished: true,
      _securePending: false,
      _newSessionPending: false,
      _controlReleased: true,
      secureConnecting: false,
      _SNICallback: null,
      servername: 'open.bigmodel.cn',
      alpnProtocol: false,
      authorized: true,
      authorizationError: null,
      encrypted: true,
      _events: [Object: null prototype],
      _eventsCount: 11,
      connecting: false,
      _hadError: false,
      _parent: null,
      _host: 'open.bigmodel.cn',
      _closeAfterHandlingError: false,
      _readableState: [ReadableState],
      _writableState: [WritableState],
      allowHalfOpen: false,
      _maxListeners: undefined,
      _sockname: null,
      _pendingData: null,
      _pendingEncoding: '',
      server: undefined,
      _server: null,
      ssl: [TLSWrap],
      _requestCert: true,
      _rejectUnauthorized: true,
      timeout: 5000,
      parser: [HTTPParser],
      _httpMessage: [Circular *3],
      [Symbol(alpncallback)]: null,
      [Symbol(res)]: [TLSWrap],
      [Symbol(verified)]: true,
      [Symbol(pendingSession)]: null,
      [Symbol(async_id_symbol)]: 2161,
      [Symbol(kHandle)]: [TLSWrap],
      [Symbol(lastWriteQueueSize)]: 0,
      [Symbol(timeout)]: Timeout {
        _idleTimeout: 5000,
        _idlePrev: [TimersList],
        _idleNext: [TimersList],
        _idleStart: 4741198,
        _onTimeout: [Function: bound ],
        _timerArgs: undefined,
        _repeat: null,
        _destroyed: false,
        [Symbol(refed)]: false,
        [Symbol(kHasPrimitive)]: false,
        [Symbol(asyncId)]: 2163,
        [Symbol(triggerId)]: 0
      },
      [Symbol(kBuffer)]: null,
      [Symbol(kBufferCb)]: null,
      [Symbol(kBufferGen)]: null,
      [Symbol(shapeMode)]: true,
      [Symbol(kCapture)]: false,
      [Symbol(kSetNoDelay)]: false,
      [Symbol(kSetKeepAlive)]: true,
      [Symbol(kSetKeepAliveInitialDelay)]: 60,
      [Symbol(kBytesRead)]: 0,
      [Symbol(kBytesWritten)]: 0,
      [Symbol(connect-options)]: [Object]
    },
    _header: 'POST /api/paas/v4/chat/completions HTTP/1.1\r\n' +
      'Accept: application/json, text/plain, */*\r\n' +
      'Content-Type: application/json\r\n' +
      'Authorization: eyJhbGciOiJIUzI1NiIsInR5cCI6IkpXVCIsInNpZ25fdHlwZSI6IlNJR04ifQ.eyJhcGlfa2V5IjoiZDg2YWQ1YmI4NDM2NWZiODE2MTFkMzlhYzUxZTM2ZGUiLCJleHAiOjE3MjI5NzgwMDIxMTYwMDAsInRpbWVzdGFtcCI6MTcyMjk3ODAwMTkzNjAwMCwiaWF0IjoxNzIyOTc4MDAxfQ.BVJkotzzweyRILfxeYWHjUVnEinHLyqZX-Jr8vFE1N0\r\n' +
      'User-Agent: axios/1.7.3\r\n' +
      'Content-Length: 234\r\n' +
      'Accept-Encoding: gzip, compress, deflate, br\r\n' +
      'Host: open.bigmodel.cn\r\n' +
      'Connection: keep-alive\r\n' +
      '\r\n',
    _keepAliveTimeout: 0,
    _onPendingData: [Function: nop],
    agent: Agent {
      _events: [Object: null prototype],
      _eventsCount: 2,
      _maxListeners: undefined,
      defaultPort: 443,
      protocol: 'https:',
      options: [Object: null prototype],
      requests: [Object: null prototype] {},
      sockets: [Object: null prototype],
      freeSockets: [Object: null prototype] {},
      keepAliveMsecs: 1000,
      keepAlive: true,
      maxSockets: Infinity,
      maxFreeSockets: 256,
      scheduling: 'lifo',
      maxTotalSockets: Infinity,
      totalSocketCount: 1,
      maxCachedSessions: 100,
      _sessionCache: [Object],
      [Symbol(shapeMode)]: false,
      [Symbol(kCapture)]: false
    },
    socketPath: undefined,
    method: 'POST',
    maxHeaderSize: undefined,
    insecureHTTPParser: undefined,
    joinDuplicateHeaders: undefined,
    path: '/api/paas/v4/chat/completions',
    _ended: false,
    res: [Circular *2],
    aborted: false,
    timeoutCb: [Function: emitRequestTimeout],
    upgradeOrConnect: false,
    parser: HTTPParser {
      '0': null,
      '1': [Function: parserOnHeaders],
      '2': [Function: parserOnHeadersComplete],
      '3': [Function: parserOnBody],
      '4': [Function: parserOnMessageComplete],
      '5': null,
      '6': null,
      _headers: [],
      _url: '',
      socket: [TLSSocket],
      incoming: [Circular *2],
      outgoing: [Circular *3],
      maxHeaderPairs: 2000,
      _consumed: false,
      onIncoming: [Function: parserOnIncomingClient],
      joinDuplicateHeaders: undefined,
      [Symbol(resource_symbol)]: [HTTPClientAsyncResource]
    },
    maxHeadersCount: null,
    reusedSocket: false,
    host: 'open.bigmodel.cn',
    protocol: 'https:',
    _redirectable: Writable {
      _events: [Object],
      _writableState: [WritableState],
      _maxListeners: undefined,
      _options: [Object],
      _ended: true,
      _ending: true,
      _redirectCount: 0,
      _redirects: [],
      _requestBodyLength: 234,
      _requestBodyBuffers: [],
      _eventsCount: 3,
      _onNativeResponse: [Function (anonymous)],
      _currentRequest: [Circular *3],
      _currentUrl: 'https://open.bigmodel.cn/api/paas/v4/chat/completions',
      [Symbol(shapeMode)]: true,
      [Symbol(kCapture)]: false
    },
    [Symbol(shapeMode)]: false,
    [Symbol(kCapture)]: false,
    [Symbol(kBytesWritten)]: 0,
    [Symbol(kNeedDrain)]: false,
    [Symbol(corked)]: 0,
    [Symbol(kOutHeaders)]: [Object: null prototype] {
      accept: [Array],
      'content-type': [Array],
      authorization: [Array],
      'user-agent': [Array],
      'content-length': [Array],
      'accept-encoding': [Array],
      host: [Array]
    },
    [Symbol(errored)]: null,
    [Symbol(kHighWaterMark)]: 16384,
    [Symbol(kRejectNonStandardBodyWrites)]: false,
    [Symbol(kUniqueHeaders)]: null
  },
  _eventsCount: 4,
  responseUrl: 'https://open.bigmodel.cn/api/paas/v4/chat/completions',
  redirects: [],
  [Symbol(shapeMode)]: true,
  [Symbol(kCapture)]: false,
  [Symbol(kHeaders)]: {
    date: 'Tue, 06 Aug 2024 21:00:00 GMT',
    'transfer-encoding': 'chunked',
    connection: 'keep-alive',
    'set-cookie': [
      'acw_tc=2f6a1fa717229779999345539e42e4cbed6749f11d350b9d952e103a4a7c6a;path=/;HttpOnly;Max-Age=1800'
    ],
    'x-log-id': '2024080705000081b09efc2aa94325',
    vary: 'Origin, Access-Control-Request-Method, Access-Control-Request-Headers',
    'strict-transport-security': 'max-age=31536000; includeSubDomains'
  },
  [Symbol(kHeadersCount)]: 18,
  [Symbol(kTrailers)]: null,
  [Symbol(kTrailersCount)]: 0
}
[2024-08-07T05:00:30.602] [ERROR] error - <ref *2> IncomingMessage {
  _events: {
    close: [Function: onclose],
    error: [Function: onerror],
    data: undefined,
    end: [ [Function: responseOnEnd], [Function: onend] ],
    readable: undefined,
    finish: [Function: onfinish]
  },
  _readableState: ReadableState {
    highWaterMark: 16384,
    buffer: [],
    bufferIndex: 0,
    length: 0,
    pipes: [],
    awaitDrainWriters: null,
    [Symbol(kState)]: 1315084
  },
  _maxListeners: undefined,
  socket: <ref *1> TLSSocket {
    _tlsOptions: {
      allowHalfOpen: undefined,
      pipe: false,
      secureContext: [SecureContext],
      isServer: false,
      requestCert: true,
      rejectUnauthorized: true,
      session: <Buffer 30 82 07 e3 02 01 01 02 02 03 03 04 02 c0 2f 04 20 47 63 d7 e6 49 d6 bd 04 67 05 88 cd 0f 90 89 93 27 9d 74 f6 e4 74 b3 a0 08 8c e5 21 f8 85 b3 91 04 ... 1973 more bytes>,
      ALPNProtocols: undefined,
      requestOCSP: undefined,
      enableTrace: undefined,
      pskCallback: undefined,
      highWaterMark: undefined,
      onread: undefined,
      signal: undefined
    },
    _secureEstablished: true,
    _securePending: false,
    _newSessionPending: false,
    _controlReleased: true,
    secureConnecting: false,
    _SNICallback: null,
    servername: 'open.bigmodel.cn',
    alpnProtocol: false,
    authorized: true,
    authorizationError: null,
    encrypted: true,
    _events: [Object: null prototype] {
      close: [Array],
      end: [Array],
      error: [Function: socketErrorListener],
      newListener: [Function: keylogNewListener],
      connect: undefined,
      secure: [Function: onConnectSecure],
      session: [Function (anonymous)],
      free: [Function: onFree],
      timeout: [Array],
      agentRemove: [Function: onRemove],
      data: [Function: socketOnData],
      drain: [Function: ondrain]
    },
    _eventsCount: 11,
    connecting: false,
    _hadError: false,
    _parent: null,
    _host: 'open.bigmodel.cn',
    _closeAfterHandlingError: false,
    _readableState: ReadableState {
      highWaterMark: 16384,
      buffer: [],
      bufferIndex: 0,
      length: 0,
      pipes: [],
      awaitDrainWriters: null,
      [Symbol(kState)]: 194521348
    },
    _writableState: WritableState {
      highWaterMark: 16384,
      length: 0,
      corked: 0,
      onwrite: [Function: bound onwrite],
      writelen: 0,
      bufferedIndex: 0,
      pendingcb: 0,
      [Symbol(kState)]: 17563908,
      [Symbol(kBufferedValue)]: null,
      [Symbol(kWriteCbValue)]: [Function (anonymous)]
    },
    allowHalfOpen: false,
    _maxListeners: undefined,
    _sockname: null,
    _pendingData: null,
    _pendingEncoding: '',
    server: undefined,
    _server: null,
    ssl: TLSWrap {
      _parent: [TCP],
      _parentWrap: null,
      _secureContext: [SecureContext],
      reading: true,
      onkeylog: [Function: onkeylog],
      onhandshakestart: {},
      onhandshakedone: [Function (anonymous)],
      onocspresponse: [Function: onocspresponse],
      onnewsession: [Function: onnewsessionclient],
      onerror: [Function: onerror],
      [Symbol(owner_symbol)]: [Circular *1]
    },
    _requestCert: true,
    _rejectUnauthorized: true,
    timeout: 5000,
    parser: HTTPParser {
      '0': null,
      '1': [Function: parserOnHeaders],
      '2': [Function: parserOnHeadersComplete],
      '3': [Function: parserOnBody],
      '4': [Function: parserOnMessageComplete],
      '5': null,
      '6': null,
      _headers: [],
      _url: '',
      socket: [Circular *1],
      incoming: [Circular *2],
      outgoing: [ClientRequest],
      maxHeaderPairs: 2000,
      _consumed: false,
      onIncoming: [Function: parserOnIncomingClient],
      joinDuplicateHeaders: undefined,
      [Symbol(resource_symbol)]: [HTTPClientAsyncResource]
    },
    _httpMessage: ClientRequest {
      _events: [Object: null prototype],
      _eventsCount: 7,
      _maxListeners: undefined,
      outputData: [],
      outputSize: 0,
      writable: true,
      destroyed: false,
      _last: false,
      chunkedEncoding: false,
      shouldKeepAlive: true,
      maxRequestsOnConnectionReached: false,
      _defaultKeepAlive: true,
      useChunkedEncodingByDefault: true,
      sendDate: false,
      _removedConnection: false,
      _removedContLen: false,
      _removedTE: false,
      strictContentLength: false,
      _contentLength: '234',
      _hasBody: true,
      _trailer: '',
      finished: true,
      _headerSent: true,
      _closed: false,
      socket: [Circular *1],
      _header: 'POST /api/paas/v4/chat/completions HTTP/1.1\r\n' +
        'Accept: application/json, text/plain, */*\r\n' +
        'Content-Type: application/json\r\n' +
        'Authorization: eyJhbGciOiJIUzI1NiIsInR5cCI6IkpXVCIsInNpZ25fdHlwZSI6IlNJR04ifQ.eyJhcGlfa2V5IjoiZDg2YWQ1YmI4NDM2NWZiODE2MTFkMzlhYzUxZTM2ZGUiLCJleHAiOjE3MjI5NzgwMDIxMTYwMDAsInRpbWVzdGFtcCI6MTcyMjk3ODAwMTkzNjAwMCwiaWF0IjoxNzIyOTc4MDAxfQ.BVJkotzzweyRILfxeYWHjUVnEinHLyqZX-Jr8vFE1N0\r\n' +
        'User-Agent: axios/1.7.3\r\n' +
        'Content-Length: 234\r\n' +
        'Accept-Encoding: gzip, compress, deflate, br\r\n' +
        'Host: open.bigmodel.cn\r\n' +
        'Connection: keep-alive\r\n' +
        '\r\n',
      _keepAliveTimeout: 0,
      _onPendingData: [Function: nop],
      agent: [Agent],
      socketPath: undefined,
      method: 'POST',
      maxHeaderSize: undefined,
      insecureHTTPParser: undefined,
      joinDuplicateHeaders: undefined,
      path: '/api/paas/v4/chat/completions',
      _ended: false,
      res: [Circular *2],
      aborted: false,
      timeoutCb: [Function: emitRequestTimeout],
      upgradeOrConnect: false,
      parser: [HTTPParser],
      maxHeadersCount: null,
      reusedSocket: false,
      host: 'open.bigmodel.cn',
      protocol: 'https:',
      _redirectable: [Writable],
      [Symbol(shapeMode)]: false,
      [Symbol(kCapture)]: false,
      [Symbol(kBytesWritten)]: 0,
      [Symbol(kNeedDrain)]: false,
      [Symbol(corked)]: 0,
      [Symbol(kOutHeaders)]: [Object: null prototype],
      [Symbol(errored)]: null,
      [Symbol(kHighWaterMark)]: 16384,
      [Symbol(kRejectNonStandardBodyWrites)]: false,
      [Symbol(kUniqueHeaders)]: null
    },
    [Symbol(alpncallback)]: null,
    [Symbol(res)]: TLSWrap {
      _parent: [TCP],
      _parentWrap: null,
      _secureContext: [SecureContext],
      reading: true,
      onkeylog: [Function: onkeylog],
      onhandshakestart: {},
      onhandshakedone: [Function (anonymous)],
      onocspresponse: [Function: onocspresponse],
      onnewsession: [Function: onnewsessionclient],
      onerror: [Function: onerror],
      [Symbol(owner_symbol)]: [Circular *1]
    },
    [Symbol(verified)]: true,
    [Symbol(pendingSession)]: null,
    [Symbol(async_id_symbol)]: 2191,
    [Symbol(kHandle)]: TLSWrap {
      _parent: [TCP],
      _parentWrap: null,
      _secureContext: [SecureContext],
      reading: true,
      onkeylog: [Function: onkeylog],
      onhandshakestart: {},
      onhandshakedone: [Function (anonymous)],
      onocspresponse: [Function: onocspresponse],
      onnewsession: [Function: onnewsessionclient],
      onerror: [Function: onerror],
      [Symbol(owner_symbol)]: [Circular *1]
    },
    [Symbol(lastWriteQueueSize)]: 0,
    [Symbol(timeout)]: Timeout {
      _idleTimeout: 5000,
      _idlePrev: [TimersList],
      _idleNext: [TimersList],
      _idleStart: 4769458,
      _onTimeout: [Function: bound ],
      _timerArgs: undefined,
      _repeat: null,
      _destroyed: false,
      [Symbol(refed)]: false,
      [Symbol(kHasPrimitive)]: false,
      [Symbol(asyncId)]: 2193,
      [Symbol(triggerId)]: 0
    },
    [Symbol(kBuffer)]: null,
    [Symbol(kBufferCb)]: null,
    [Symbol(kBufferGen)]: null,
    [Symbol(shapeMode)]: true,
    [Symbol(kCapture)]: false,
    [Symbol(kSetNoDelay)]: false,
    [Symbol(kSetKeepAlive)]: true,
    [Symbol(kSetKeepAliveInitialDelay)]: 60,
    [Symbol(kBytesRead)]: 0,
    [Symbol(kBytesWritten)]: 0,
    [Symbol(connect-options)]: {
      rejectUnauthorized: true,
      ciphers: 'TLS_AES_256_GCM_SHA384:TLS_CHACHA20_POLY1305_SHA256:TLS_AES_128_GCM_SHA256:ECDHE-RSA-AES128-GCM-SHA256:ECDHE-ECDSA-AES128-GCM-SHA256:ECDHE-RSA-AES256-GCM-SHA384:ECDHE-ECDSA-AES256-GCM-SHA384:DHE-RSA-AES128-GCM-SHA256:ECDHE-RSA-AES128-SHA256:DHE-RSA-AES128-SHA256:ECDHE-RSA-AES256-SHA384:DHE-RSA-AES256-SHA384:ECDHE-RSA-AES256-SHA256:DHE-RSA-AES256-SHA256:HIGH:!aNULL:!eNULL:!EXPORT:!DES:!RC4:!MD5:!PSK:!SRP:!CAMELLIA',
      checkServerIdentity: [Function: checkServerIdentity],
      minDHSize: 1024,
      session: <Buffer 30 82 07 e3 02 01 01 02 02 03 03 04 02 c0 2f 04 20 47 63 d7 e6 49 d6 bd 04 67 05 88 cd 0f 90 89 93 27 9d 74 f6 e4 74 b3 a0 08 8c e5 21 f8 85 b3 91 04 ... 1973 more bytes>,
      maxRedirects: 21,
      maxBodyLength: Infinity,
      protocol: 'https:',
      path: null,
      method: 'POST',
      headers: [Object: null prototype],
      agents: [Object],
      auth: undefined,
      family: undefined,
      beforeRedirect: [Function: dispatchBeforeRedirect],
      beforeRedirects: [Object],
      hostname: 'open.bigmodel.cn',
      port: 443,
      agent: undefined,
      nativeProtocols: [Object],
      pathname: '/api/paas/v4/chat/completions',
      _defaultAgent: [Agent],
      host: 'open.bigmodel.cn',
      keepAlive: true,
      scheduling: 'lifo',
      timeout: 5000,
      noDelay: true,
      servername: 'open.bigmodel.cn',
      _agentKey: 'open.bigmodel.cn:443:::::::::::::::::::::',
      encoding: null,
      keepAliveInitialDelay: 1000
    }
  },
  httpVersionMajor: 1,
  httpVersionMinor: 1,
  httpVersion: '1.1',
  complete: false,
  rawHeaders: [
    'Date',
    'Tue, 06 Aug 2024 21:00:28 GMT',
    'Transfer-Encoding',
    'chunked',
    'Connection',
    'keep-alive',
    'Set-Cookie',
    'acw_tc=2f6a1fa417229780281835487e66b41661cdb59555e820195747c8b0ce65ac;path=/;HttpOnly;Max-Age=1800',
    'X-LOG-ID',
    '202408070500287cb93ff7c1e24aac',
    'Vary',
    'Origin',
    'Vary',
    'Access-Control-Request-Method',
    'Vary',
    'Access-Control-Request-Headers',
    'Strict-Transport-Security',
    'max-age=31536000; includeSubDomains'
  ],
  rawTrailers: [],
  joinDuplicateHeaders: undefined,
  aborted: false,
  upgrade: false,
  url: '',
  method: null,
  statusCode: 400,
  statusMessage: 'Bad Request',
  client: <ref *1> TLSSocket {
    _tlsOptions: {
      allowHalfOpen: undefined,
      pipe: false,
      secureContext: [SecureContext],
      isServer: false,
      requestCert: true,
      rejectUnauthorized: true,
      session: <Buffer 30 82 07 e3 02 01 01 02 02 03 03 04 02 c0 2f 04 20 47 63 d7 e6 49 d6 bd 04 67 05 88 cd 0f 90 89 93 27 9d 74 f6 e4 74 b3 a0 08 8c e5 21 f8 85 b3 91 04 ... 1973 more bytes>,
      ALPNProtocols: undefined,
      requestOCSP: undefined,
      enableTrace: undefined,
      pskCallback: undefined,
      highWaterMark: undefined,
      onread: undefined,
      signal: undefined
    },
    _secureEstablished: true,
    _securePending: false,
    _newSessionPending: false,
    _controlReleased: true,
    secureConnecting: false,
    _SNICallback: null,
    servername: 'open.bigmodel.cn',
    alpnProtocol: false,
    authorized: true,
    authorizationError: null,
    encrypted: true,
    _events: [Object: null prototype] {
      close: [Array],
      end: [Array],
      error: [Function: socketErrorListener],
      newListener: [Function: keylogNewListener],
      connect: undefined,
      secure: [Function: onConnectSecure],
      session: [Function (anonymous)],
      free: [Function: onFree],
      timeout: [Array],
      agentRemove: [Function: onRemove],
      data: [Function: socketOnData],
      drain: [Function: ondrain]
    },
    _eventsCount: 11,
    connecting: false,
    _hadError: false,
    _parent: null,
    _host: 'open.bigmodel.cn',
    _closeAfterHandlingError: false,
    _readableState: ReadableState {
      highWaterMark: 16384,
      buffer: [],
      bufferIndex: 0,
      length: 0,
      pipes: [],
      awaitDrainWriters: null,
      [Symbol(kState)]: 194521348
    },
    _writableState: WritableState {
      highWaterMark: 16384,
      length: 0,
      corked: 0,
      onwrite: [Function: bound onwrite],
      writelen: 0,
      bufferedIndex: 0,
      pendingcb: 0,
      [Symbol(kState)]: 17563908,
      [Symbol(kBufferedValue)]: null,
      [Symbol(kWriteCbValue)]: [Function (anonymous)]
    },
    allowHalfOpen: false,
    _maxListeners: undefined,
    _sockname: null,
    _pendingData: null,
    _pendingEncoding: '',
    server: undefined,
    _server: null,
    ssl: TLSWrap {
      _parent: [TCP],
      _parentWrap: null,
      _secureContext: [SecureContext],
      reading: true,
      onkeylog: [Function: onkeylog],
      onhandshakestart: {},
      onhandshakedone: [Function (anonymous)],
      onocspresponse: [Function: onocspresponse],
      onnewsession: [Function: onnewsessionclient],
      onerror: [Function: onerror],
      [Symbol(owner_symbol)]: [Circular *1]
    },
    _requestCert: true,
    _rejectUnauthorized: true,
    timeout: 5000,
    parser: HTTPParser {
      '0': null,
      '1': [Function: parserOnHeaders],
      '2': [Function: parserOnHeadersComplete],
      '3': [Function: parserOnBody],
      '4': [Function: parserOnMessageComplete],
      '5': null,
      '6': null,
      _headers: [],
      _url: '',
      socket: [Circular *1],
      incoming: [Circular *2],
      outgoing: [ClientRequest],
      maxHeaderPairs: 2000,
      _consumed: false,
      onIncoming: [Function: parserOnIncomingClient],
      joinDuplicateHeaders: undefined,
      [Symbol(resource_symbol)]: [HTTPClientAsyncResource]
    },
    _httpMessage: ClientRequest {
      _events: [Object: null prototype],
      _eventsCount: 7,
      _maxListeners: undefined,
      outputData: [],
      outputSize: 0,
      writable: true,
      destroyed: false,
      _last: false,
      chunkedEncoding: false,
      shouldKeepAlive: true,
      maxRequestsOnConnectionReached: false,
      _defaultKeepAlive: true,
      useChunkedEncodingByDefault: true,
      sendDate: false,
      _removedConnection: false,
      _removedContLen: false,
      _removedTE: false,
      strictContentLength: false,
      _contentLength: '234',
      _hasBody: true,
      _trailer: '',
      finished: true,
      _headerSent: true,
      _closed: false,
      socket: [Circular *1],
      _header: 'POST /api/paas/v4/chat/completions HTTP/1.1\r\n' +
        'Accept: application/json, text/plain, */*\r\n' +
        'Content-Type: application/json\r\n' +
        'Authorization: eyJhbGciOiJIUzI1NiIsInR5cCI6IkpXVCIsInNpZ25fdHlwZSI6IlNJR04ifQ.eyJhcGlfa2V5IjoiZDg2YWQ1YmI4NDM2NWZiODE2MTFkMzlhYzUxZTM2ZGUiLCJleHAiOjE3MjI5NzgwMDIxMTYwMDAsInRpbWVzdGFtcCI6MTcyMjk3ODAwMTkzNjAwMCwiaWF0IjoxNzIyOTc4MDAxfQ.BVJkotzzweyRILfxeYWHjUVnEinHLyqZX-Jr8vFE1N0\r\n' +
        'User-Agent: axios/1.7.3\r\n' +
        'Content-Length: 234\r\n' +
        'Accept-Encoding: gzip, compress, deflate, br\r\n' +
        'Host: open.bigmodel.cn\r\n' +
        'Connection: keep-alive\r\n' +
        '\r\n',
      _keepAliveTimeout: 0,
      _onPendingData: [Function: nop],
      agent: [Agent],
      socketPath: undefined,
      method: 'POST',
      maxHeaderSize: undefined,
      insecureHTTPParser: undefined,
      joinDuplicateHeaders: undefined,
      path: '/api/paas/v4/chat/completions',
      _ended: false,
      res: [Circular *2],
      aborted: false,
      timeoutCb: [Function: emitRequestTimeout],
      upgradeOrConnect: false,
      parser: [HTTPParser],
      maxHeadersCount: null,
      reusedSocket: false,
      host: 'open.bigmodel.cn',
      protocol: 'https:',
      _redirectable: [Writable],
      [Symbol(shapeMode)]: false,
      [Symbol(kCapture)]: false,
      [Symbol(kBytesWritten)]: 0,
      [Symbol(kNeedDrain)]: false,
      [Symbol(corked)]: 0,
      [Symbol(kOutHeaders)]: [Object: null prototype],
      [Symbol(errored)]: null,
      [Symbol(kHighWaterMark)]: 16384,
      [Symbol(kRejectNonStandardBodyWrites)]: false,
      [Symbol(kUniqueHeaders)]: null
    },
    [Symbol(alpncallback)]: null,
    [Symbol(res)]: TLSWrap {
      _parent: [TCP],
      _parentWrap: null,
      _secureContext: [SecureContext],
      reading: true,
      onkeylog: [Function: onkeylog],
      onhandshakestart: {},
      onhandshakedone: [Function (anonymous)],
      onocspresponse: [Function: onocspresponse],
      onnewsession: [Function: onnewsessionclient],
      onerror: [Function: onerror],
      [Symbol(owner_symbol)]: [Circular *1]
    },
    [Symbol(verified)]: true,
    [Symbol(pendingSession)]: null,
    [Symbol(async_id_symbol)]: 2191,
    [Symbol(kHandle)]: TLSWrap {
      _parent: [TCP],
      _parentWrap: null,
      _secureContext: [SecureContext],
      reading: true,
      onkeylog: [Function: onkeylog],
      onhandshakestart: {},
      onhandshakedone: [Function (anonymous)],
      onocspresponse: [Function: onocspresponse],
      onnewsession: [Function: onnewsessionclient],
      onerror: [Function: onerror],
      [Symbol(owner_symbol)]: [Circular *1]
    },
    [Symbol(lastWriteQueueSize)]: 0,
    [Symbol(timeout)]: Timeout {
      _idleTimeout: 5000,
      _idlePrev: [TimersList],
      _idleNext: [TimersList],
      _idleStart: 4769458,
      _onTimeout: [Function: bound ],
      _timerArgs: undefined,
      _repeat: null,
      _destroyed: false,
      [Symbol(refed)]: false,
      [Symbol(kHasPrimitive)]: false,
      [Symbol(asyncId)]: 2193,
      [Symbol(triggerId)]: 0
    },
    [Symbol(kBuffer)]: null,
    [Symbol(kBufferCb)]: null,
    [Symbol(kBufferGen)]: null,
    [Symbol(shapeMode)]: true,
    [Symbol(kCapture)]: false,
    [Symbol(kSetNoDelay)]: false,
    [Symbol(kSetKeepAlive)]: true,
    [Symbol(kSetKeepAliveInitialDelay)]: 60,
    [Symbol(kBytesRead)]: 0,
    [Symbol(kBytesWritten)]: 0,
    [Symbol(connect-options)]: {
      rejectUnauthorized: true,
      ciphers: 'TLS_AES_256_GCM_SHA384:TLS_CHACHA20_POLY1305_SHA256:TLS_AES_128_GCM_SHA256:ECDHE-RSA-AES128-GCM-SHA256:ECDHE-ECDSA-AES128-GCM-SHA256:ECDHE-RSA-AES256-GCM-SHA384:ECDHE-ECDSA-AES256-GCM-SHA384:DHE-RSA-AES128-GCM-SHA256:ECDHE-RSA-AES128-SHA256:DHE-RSA-AES128-SHA256:ECDHE-RSA-AES256-SHA384:DHE-RSA-AES256-SHA384:ECDHE-RSA-AES256-SHA256:DHE-RSA-AES256-SHA256:HIGH:!aNULL:!eNULL:!EXPORT:!DES:!RC4:!MD5:!PSK:!SRP:!CAMELLIA',
      checkServerIdentity: [Function: checkServerIdentity],
      minDHSize: 1024,
      session: <Buffer 30 82 07 e3 02 01 01 02 02 03 03 04 02 c0 2f 04 20 47 63 d7 e6 49 d6 bd 04 67 05 88 cd 0f 90 89 93 27 9d 74 f6 e4 74 b3 a0 08 8c e5 21 f8 85 b3 91 04 ... 1973 more bytes>,
      maxRedirects: 21,
      maxBodyLength: Infinity,
      protocol: 'https:',
      path: null,
      method: 'POST',
      headers: [Object: null prototype],
      agents: [Object],
      auth: undefined,
      family: undefined,
      beforeRedirect: [Function: dispatchBeforeRedirect],
      beforeRedirects: [Object],
      hostname: 'open.bigmodel.cn',
      port: 443,
      agent: undefined,
      nativeProtocols: [Object],
      pathname: '/api/paas/v4/chat/completions',
      _defaultAgent: [Agent],
      host: 'open.bigmodel.cn',
      keepAlive: true,
      scheduling: 'lifo',
      timeout: 5000,
      noDelay: true,
      servername: 'open.bigmodel.cn',
      _agentKey: 'open.bigmodel.cn:443:::::::::::::::::::::',
      encoding: null,
      keepAliveInitialDelay: 1000
    }
  },
  _consuming: false,
  _dumped: false,
  req: <ref *3> ClientRequest {
    _events: [Object: null prototype] {
      abort: [Function (anonymous)],
      aborted: [Function (anonymous)],
      connect: [Function (anonymous)],
      error: [Function (anonymous)],
      socket: [Function (anonymous)],
      timeout: [Function (anonymous)],
      finish: [Function: requestOnFinish]
    },
    _eventsCount: 7,
    _maxListeners: undefined,
    outputData: [],
    outputSize: 0,
    writable: true,
    destroyed: false,
    _last: false,
    chunkedEncoding: false,
    shouldKeepAlive: true,
    maxRequestsOnConnectionReached: false,
    _defaultKeepAlive: true,
    useChunkedEncodingByDefault: true,
    sendDate: false,
    _removedConnection: false,
    _removedContLen: false,
    _removedTE: false,
    strictContentLength: false,
    _contentLength: '234',
    _hasBody: true,
    _trailer: '',
    finished: true,
    _headerSent: true,
    _closed: false,
    socket: <ref *1> TLSSocket {
      _tlsOptions: [Object],
      _secureEstablished: true,
      _securePending: false,
      _newSessionPending: false,
      _controlReleased: true,
      secureConnecting: false,
      _SNICallback: null,
      servername: 'open.bigmodel.cn',
      alpnProtocol: false,
      authorized: true,
      authorizationError: null,
      encrypted: true,
      _events: [Object: null prototype],
      _eventsCount: 11,
      connecting: false,
      _hadError: false,
      _parent: null,
      _host: 'open.bigmodel.cn',
      _closeAfterHandlingError: false,
      _readableState: [ReadableState],
      _writableState: [WritableState],
      allowHalfOpen: false,
      _maxListeners: undefined,
      _sockname: null,
      _pendingData: null,
      _pendingEncoding: '',
      server: undefined,
      _server: null,
      ssl: [TLSWrap],
      _requestCert: true,
      _rejectUnauthorized: true,
      timeout: 5000,
      parser: [HTTPParser],
      _httpMessage: [Circular *3],
      [Symbol(alpncallback)]: null,
      [Symbol(res)]: [TLSWrap],
      [Symbol(verified)]: true,
      [Symbol(pendingSession)]: null,
      [Symbol(async_id_symbol)]: 2191,
      [Symbol(kHandle)]: [TLSWrap],
      [Symbol(lastWriteQueueSize)]: 0,
      [Symbol(timeout)]: Timeout {
        _idleTimeout: 5000,
        _idlePrev: [TimersList],
        _idleNext: [TimersList],
        _idleStart: 4769458,
        _onTimeout: [Function: bound ],
        _timerArgs: undefined,
        _repeat: null,
        _destroyed: false,
        [Symbol(refed)]: false,
        [Symbol(kHasPrimitive)]: false,
        [Symbol(asyncId)]: 2193,
        [Symbol(triggerId)]: 0
      },
      [Symbol(kBuffer)]: null,
      [Symbol(kBufferCb)]: null,
      [Symbol(kBufferGen)]: null,
      [Symbol(shapeMode)]: true,
      [Symbol(kCapture)]: false,
      [Symbol(kSetNoDelay)]: false,
      [Symbol(kSetKeepAlive)]: true,
      [Symbol(kSetKeepAliveInitialDelay)]: 60,
      [Symbol(kBytesRead)]: 0,
      [Symbol(kBytesWritten)]: 0,
      [Symbol(connect-options)]: [Object]
    },
    _header: 'POST /api/paas/v4/chat/completions HTTP/1.1\r\n' +
      'Accept: application/json, text/plain, */*\r\n' +
      'Content-Type: application/json\r\n' +
      'Authorization: eyJhbGciOiJIUzI1NiIsInR5cCI6IkpXVCIsInNpZ25fdHlwZSI6IlNJR04ifQ.eyJhcGlfa2V5IjoiZDg2YWQ1YmI4NDM2NWZiODE2MTFkMzlhYzUxZTM2ZGUiLCJleHAiOjE3MjI5NzgwMDIxMTYwMDAsInRpbWVzdGFtcCI6MTcyMjk3ODAwMTkzNjAwMCwiaWF0IjoxNzIyOTc4MDAxfQ.BVJkotzzweyRILfxeYWHjUVnEinHLyqZX-Jr8vFE1N0\r\n' +
      'User-Agent: axios/1.7.3\r\n' +
      'Content-Length: 234\r\n' +
      'Accept-Encoding: gzip, compress, deflate, br\r\n' +
      'Host: open.bigmodel.cn\r\n' +
      'Connection: keep-alive\r\n' +
      '\r\n',
    _keepAliveTimeout: 0,
    _onPendingData: [Function: nop],
    agent: Agent {
      _events: [Object: null prototype],
      _eventsCount: 2,
      _maxListeners: undefined,
      defaultPort: 443,
      protocol: 'https:',
      options: [Object: null prototype],
      requests: [Object: null prototype] {},
      sockets: [Object: null prototype],
      freeSockets: [Object: null prototype] {},
      keepAliveMsecs: 1000,
      keepAlive: true,
      maxSockets: Infinity,
      maxFreeSockets: 256,
      scheduling: 'lifo',
      maxTotalSockets: Infinity,
      totalSocketCount: 2,
      maxCachedSessions: 100,
      _sessionCache: [Object],
      [Symbol(shapeMode)]: false,
      [Symbol(kCapture)]: false
    },
    socketPath: undefined,
    method: 'POST',
    maxHeaderSize: undefined,
    insecureHTTPParser: undefined,
    joinDuplicateHeaders: undefined,
    path: '/api/paas/v4/chat/completions',
    _ended: false,
    res: [Circular *2],
    aborted: false,
    timeoutCb: [Function: emitRequestTimeout],
    upgradeOrConnect: false,
    parser: HTTPParser {
      '0': null,
      '1': [Function: parserOnHeaders],
      '2': [Function: parserOnHeadersComplete],
      '3': [Function: parserOnBody],
      '4': [Function: parserOnMessageComplete],
      '5': null,
      '6': null,
      _headers: [],
      _url: '',
      socket: [TLSSocket],
      incoming: [Circular *2],
      outgoing: [Circular *3],
      maxHeaderPairs: 2000,
      _consumed: false,
      onIncoming: [Function: parserOnIncomingClient],
      joinDuplicateHeaders: undefined,
      [Symbol(resource_symbol)]: [HTTPClientAsyncResource]
    },
    maxHeadersCount: null,
    reusedSocket: false,
    host: 'open.bigmodel.cn',
    protocol: 'https:',
    _redirectable: Writable {
      _events: [Object],
      _writableState: [WritableState],
      _maxListeners: undefined,
      _options: [Object],
      _ended: true,
      _ending: true,
      _redirectCount: 0,
      _redirects: [],
      _requestBodyLength: 234,
      _requestBodyBuffers: [],
      _eventsCount: 3,
      _onNativeResponse: [Function (anonymous)],
      _currentRequest: [Circular *3],
      _currentUrl: 'https://open.bigmodel.cn/api/paas/v4/chat/completions',
      [Symbol(shapeMode)]: true,
      [Symbol(kCapture)]: false
    },
    [Symbol(shapeMode)]: false,
    [Symbol(kCapture)]: false,
    [Symbol(kBytesWritten)]: 0,
    [Symbol(kNeedDrain)]: false,
    [Symbol(corked)]: 0,
    [Symbol(kOutHeaders)]: [Object: null prototype] {
      accept: [Array],
      'content-type': [Array],
      authorization: [Array],
      'user-agent': [Array],
      'content-length': [Array],
      'accept-encoding': [Array],
      host: [Array]
    },
    [Symbol(errored)]: null,
    [Symbol(kHighWaterMark)]: 16384,
    [Symbol(kRejectNonStandardBodyWrites)]: false,
    [Symbol(kUniqueHeaders)]: null
  },
  _eventsCount: 4,
  responseUrl: 'https://open.bigmodel.cn/api/paas/v4/chat/completions',
  redirects: [],
  [Symbol(shapeMode)]: true,
  [Symbol(kCapture)]: false,
  [Symbol(kHeaders)]: {
    date: 'Tue, 06 Aug 2024 21:00:28 GMT',
    'transfer-encoding': 'chunked',
    connection: 'keep-alive',
    'set-cookie': [
      'acw_tc=2f6a1fa417229780281835487e66b41661cdb59555e820195747c8b0ce65ac;path=/;HttpOnly;Max-Age=1800'
    ],
    'x-log-id': '202408070500287cb93ff7c1e24aac',
    vary: 'Origin, Access-Control-Request-Method, Access-Control-Request-Headers',
    'strict-transport-security': 'max-age=31536000; includeSubDomains'
  },
  [Symbol(kHeadersCount)]: 18,
  [Symbol(kTrailers)]: null,
  [Symbol(kTrailersCount)]: 0
}
